[Client] 2025/11/14 05:11:53.166070 Respuesta de: [::1]:9000recibida con exito
[Client] 2025/11/14 05:16:14.451429 Respuesta de: [::1]:9000recibida con exito
[Client] 2025/11/14 05:19:13.884631 Respuesta de: [::1]:9000recibida con exito
[Client] 2025/11/14 05:19:27.212146 Respuesta de: [::1]:9000recibida con exito
[Client] 2025/11/14 16:13:55.436703 Respuesta de: [::1]:9000 recibida con exito
[Client] 2025/11/14 16:13:55.438217 Respuesta de: [::1]:9000 recibida con exito
[Client] 2025/11/14 16:15:12.017915 Eviando solicitud de info sobre el archivo: archivo1.txt
[Client] 2025/11/14 16:15:12.019577 Respuesta de: [::1]:9000 recibida con exito
[Client] 2025/11/14 16:15:30.020005 Respuesta de: [::1]:9000 recibida con exito
[Client] 2025/11/14 14:15:16.232445 Eviando solicitud de info sobre el archivo: archivo1.txt
[Client] 2025/11/14 14:15:16.237394 Respuesta de: [::1]:9000 recibida con exito
[Client] 2025/11/14 14:16:21.562525 Eviando solicitud de info sobre el archivo: archivo1.txt
[Client] 2025/11/14 14:16:21.564973 Respuesta de: [::1]:9000 recibida con exito
[Client] 2025/11/14 14:19:23.546400 Eviando solicitud de info sobre el archivo: archivo1.txt
[Client] 2025/11/14 14:19:23.547455 Respuesta de: [::1]:9000 recibida con exito
[Client] 2025/11/14 17:02:01.072763 Respuesta de: [::1]:9000 recibida con exito
[Client] 2025/11/14 17:02:18.778742 Eviando solicitud de info sobre el archivo: archivo1.txt
[Client] 2025/11/14 17:02:18.780149 Respuesta de: [::1]:9000 recibida con exito
[Client] 2025/11/14 17:06:58.316242 Respuesta de: [::1]:9000 recibida con exito
[Client] 2025/11/14 17:06:58.316960 Respuesta de: [::1]:9000 recibida con exito
[Client] 2025/11/14 17:25:02.072014 Eviando solicitud de info sobre el archivo: archivo1.txt
[Client] 2025/11/14 17:25:02.073264 Respuesta de: [::1]:9000 recibida con exito
[Client] 2025/11/18 22:56:01.808468 Respuesta de: [::1]:9000 recibida con exito
[Client] 2025/11/18 22:56:01.809493 Respuesta de: [::1]:9000 recibida con exito
[Client] 2025/11/18 23:26:56.028838 Respuesta de: [::1]:9000 recibida con exito
[Client] 2025/11/18 23:29:36.717284 Error al intentar leer el archivo local
[Client] 2025/11/18 23:29:56.908657 Respuesta de: [::1]:9000 recibida con exito
[Client] 2025/11/18 23:29:56.909652 Respuesta de: [::1]:9000 recibida con exito
[Client] 2025/11/18 23:30:19.743787 Respuesta de: [::1]:9000 recibida con exito
[Client] 2025/11/18 23:46:02.508178 Respuesta de: [::1]:9000 recibida con exito
[Client] 2025/11/18 23:46:02.509323 Respuesta de: [::1]:9000 recibida con exito
[Client] 2025/11/18 23:46:27.319837 Respuesta de: [::1]:9000 recibida con exito
[Client] 2025/11/18 23:46:35.242041 Respuesta de: [::1]:9000 recibida con exito
[Client] 2025/11/18 23:48:47.955931 Respuesta de: [::1]:9000 recibida con exito
[Client] 2025/11/18 23:48:47.956954 Respuesta de: [::1]:9000 recibida con exito
[Client] 2025/11/18 23:49:10.923311 Respuesta de: [::1]:9000 recibida con exito
[Client] 2025/11/18 23:51:04.568435 Respuesta de: [::1]:9000 recibida con exito
[Client] 2025/11/18 23:51:04.569342 Respuesta de: [::1]:9000 recibida con exito
[Client] 2025/11/18 23:51:26.963453 Respuesta de: [::1]:9000 recibida con exito
[Client] 2025/11/18 23:52:08.334213 Respuesta de: [::1]:9000 recibida con exito
[Client] 2025/11/18 23:52:08.335246 Respuesta de: [::1]:9000 recibida con exito
[Client] 2025/11/18 23:52:44.582475 Respuesta de: [::1]:9000 recibida con exito
[Client] 2025/11/18 23:56:28.964283 Respuesta de: [::1]:9000 recibida con exito
[Client] 2025/11/18 23:56:28.965324 Respuesta de: [::1]:9000 recibida con exito
[Client] 2025/11/18 23:57:25.632849 Respuesta de: [::1]:9000 recibida con exito
[Client] 2025/11/18 23:57:25.633667 Respuesta de: [::1]:9000 recibida con exito
[Client] 2025/11/19 14:36:33.269450 Respuesta de: [::1]:9000 recibida con exito
[Client] 2025/11/19 14:36:38.112461 Respuesta de: [::1]:9000 recibida con exito
[Client] 2025/11/19 14:36:38.170531 Respuesta de: [::1]:9000 recibida con exito
[Client] 2025/11/19 14:36:39.779023 Respuesta de: [::1]:9000 recibida con exito
[Client] 2025/11/19 14:36:41.116349 Respuesta de: [::1]:9000 recibida con exito
[Client] 2025/11/19 14:36:42.680764 Respuesta de: [::1]:9000 recibida con exito
[Client] 2025/11/19 14:41:12.927631 Error al intentar leer el archivo local
[Client] 2025/11/19 14:41:38.738940 Respuesta de: [::1]:9000 recibida con exito
[Client] 2025/11/19 14:41:38.739979 Respuesta de: [::1]:9000 recibida con exito
[Client] 2025/11/19 14:46:24.383981 Respuesta de: [::1]:9000 recibida con exito
[Client] 2025/11/19 14:46:24.385105 Respuesta de: [::1]:9000 recibida con exito
[Client] 2025/11/19 14:47:43.213111 Respuesta de: [::1]:9000 recibida con exito
[Client] 2025/11/19 14:47:43.214065 Respuesta de: [::1]:9000 recibida con exito
[Client] 2025/11/19 14:54:16.403427 Respuesta de: [::1]:9000 recibida con exito
[Client] 2025/11/19 14:54:16.404723 Respuesta de: [::1]:9000 recibida con exito
[Client] 2025/11/19 15:10:05.060587 Respuesta de: [::1]:9000 recibida con exito
[Client] 2025/11/19 15:10:05.066168 Respuesta de: [::1]:9000 recibida con exito
[Client] 2025/11/19 15:10:39.042823 Respuesta de: [::1]:9000 recibida con exito
[Client] 2025/11/20 20:11:51.903749 Respuesta de: [::1]:9000 recibida con exito
[Client] 2025/11/20 20:11:51.904293 Error al enviar el mensaje: PUT_CONFIRMED hacia: [::1]:9000
[Client] 2025/11/20 20:11:51.904452 Respuesta de: [::1]:9000 recibida con exito
